<?xml version='1.0' encoding='UTF-8'?>
<!DOCTYPE coverage SYSTEM 'http://cobertura.sourceforge.net/xml/coverage-04.dtd'>
<coverage line-rate="0.0" function-rate="0.0" branch-rate="0.0" lines-covered="0" lines-valid="130" functions-covered="0" functions-valid="20" branches-covered="0" branches-valid="94" complexity="0.0" timestamp="1649534415" version="gcovr 5.1">
  <sources>
    <source>/home/chris/Projects/Embedded/BassStation/BassStationSequencerSW/extern/cpp_adp5587</source>
  </sources>
  <packages>
    <package name="include" line-rate="0.0" function-rate="0.0" branch-rate="0.0" complexity="0.0">
      <classes>
        <class name="adp5587_common_hpp" filename="include/adp5587_common.hpp" line-rate="0.0" branch-rate="0.0" complexity="0.0">
          <methods/>
          <lines>
            <line number="150" hits="0" branch="false"/>
            <line number="152" hits="0" branch="false"/>
          </lines>
        </class>
      </classes>
    </package>
    <package name="src" line-rate="0.0" function-rate="0.0" branch-rate="0.0" complexity="0.0">
      <classes>
        <class name="adp5587_common_cpp" filename="src/adp5587_common.cpp" line-rate="0.0" branch-rate="0.0" complexity="0.0">
          <methods/>
          <lines>
            <line number="31" hits="0" branch="false"/>
            <line number="34" hits="0" branch="false"/>
            <line number="37" hits="0" branch="false"/>
            <line number="38" hits="0" branch="false"/>
            <line number="41" hits="0" branch="false"/>
            <line number="43" hits="0" branch="false"/>
            <line number="46" hits="0" branch="false"/>
            <line number="49" hits="0" branch="false"/>
            <line number="51" hits="0" branch="false"/>
            <line number="54" hits="0" branch="false"/>
            <line number="57" hits="0" branch="false"/>
            <line number="60" hits="0" branch="false"/>
            <line number="63" hits="0" branch="false"/>
            <line number="66" hits="0" branch="false"/>
            <line number="68" hits="0" branch="false"/>
            <line number="69" hits="0" branch="false"/>
            <line number="70" hits="0" branch="false"/>
            <line number="74" hits="0" branch="false"/>
            <line number="76" hits="0" branch="false"/>
            <line number="77" hits="0" branch="false"/>
            <line number="78" hits="0" branch="false"/>
            <line number="82" hits="0" branch="false"/>
            <line number="84" hits="0" branch="false"/>
            <line number="85" hits="0" branch="false"/>
            <line number="86" hits="0" branch="false"/>
            <line number="90" hits="0" branch="false"/>
            <line number="92" hits="0" branch="false"/>
            <line number="93" hits="0" branch="false"/>
            <line number="94" hits="0" branch="false"/>
            <line number="98" hits="0" branch="false"/>
            <line number="100" hits="0" branch="false"/>
            <line number="101" hits="0" branch="false"/>
            <line number="102" hits="0" branch="false"/>
            <line number="106" hits="0" branch="false"/>
            <line number="108" hits="0" branch="false"/>
            <line number="109" hits="0" branch="false"/>
            <line number="110" hits="0" branch="false"/>
            <line number="114" hits="0" branch="false"/>
            <line number="116" hits="0" branch="false"/>
            <line number="117" hits="0" branch="false"/>
            <line number="118" hits="0" branch="false"/>
            <line number="122" hits="0" branch="false"/>
            <line number="124" hits="0" branch="false"/>
            <line number="127" hits="0" branch="true" condition-coverage="0% (0/2)">
              <conditions>
                <condition number="0" type="jump" coverage="0%"/>
              </conditions>
            </line>
            <line number="129" hits="0" branch="false"/>
            <line number="131" hits="0" branch="false"/>
            <line number="134" hits="0" branch="false"/>
            <line number="137" hits="0" branch="false"/>
            <line number="138" hits="0" branch="true" condition-coverage="0% (0/2)">
              <conditions>
                <condition number="0" type="jump" coverage="0%"/>
              </conditions>
            </line>
            <line number="139" hits="0" branch="true" condition-coverage="0% (0/2)">
              <conditions>
                <condition number="0" type="jump" coverage="0%"/>
              </conditions>
            </line>
            <line number="140" hits="0" branch="true" condition-coverage="0% (0/2)">
              <conditions>
                <condition number="0" type="jump" coverage="0%"/>
              </conditions>
            </line>
            <line number="141" hits="0" branch="true" condition-coverage="0% (0/2)">
              <conditions>
                <condition number="0" type="jump" coverage="0%"/>
              </conditions>
            </line>
            <line number="142" hits="0" branch="true" condition-coverage="0% (0/2)">
              <conditions>
                <condition number="0" type="jump" coverage="0%"/>
              </conditions>
            </line>
            <line number="143" hits="0" branch="true" condition-coverage="0% (0/2)">
              <conditions>
                <condition number="0" type="jump" coverage="0%"/>
              </conditions>
            </line>
            <line number="144" hits="0" branch="true" condition-coverage="0% (0/2)">
              <conditions>
                <condition number="0" type="jump" coverage="0%"/>
              </conditions>
            </line>
            <line number="145" hits="0" branch="true" condition-coverage="0% (0/2)">
              <conditions>
                <condition number="0" type="jump" coverage="0%"/>
              </conditions>
            </line>
            <line number="146" hits="0" branch="true" condition-coverage="0% (0/2)">
              <conditions>
                <condition number="0" type="jump" coverage="0%"/>
              </conditions>
            </line>
            <line number="149" hits="0" branch="true" condition-coverage="0% (0/2)">
              <conditions>
                <condition number="0" type="jump" coverage="0%"/>
              </conditions>
            </line>
            <line number="152" hits="0" branch="false"/>
            <line number="155" hits="0" branch="false"/>
            <line number="158" hits="0" branch="false"/>
            <line number="159" hits="0" branch="false"/>
            <line number="162" hits="0" branch="false"/>
            <line number="163" hits="0" branch="false"/>
            <line number="165" hits="0" branch="false"/>
            <line number="245" hits="0" branch="false"/>
            <line number="254" hits="0" branch="false"/>
            <line number="255" hits="0" branch="true" condition-coverage="0% (0/2)">
              <conditions>
                <condition number="0" type="jump" coverage="0%"/>
              </conditions>
            </line>
            <line number="258" hits="0" branch="true" condition-coverage="0% (0/2)">
              <conditions>
                <condition number="0" type="jump" coverage="0%"/>
              </conditions>
            </line>
            <line number="261" hits="0" branch="false"/>
            <line number="262" hits="0" branch="true" condition-coverage="0% (0/2)">
              <conditions>
                <condition number="0" type="jump" coverage="0%"/>
              </conditions>
            </line>
            <line number="263" hits="0" branch="true" condition-coverage="0% (0/2)">
              <conditions>
                <condition number="0" type="jump" coverage="0%"/>
              </conditions>
            </line>
            <line number="266" hits="0" branch="true" condition-coverage="0% (0/2)">
              <conditions>
                <condition number="0" type="jump" coverage="0%"/>
              </conditions>
            </line>
            <line number="270" hits="0" branch="true" condition-coverage="0% (0/2)">
              <conditions>
                <condition number="0" type="jump" coverage="0%"/>
              </conditions>
            </line>
            <line number="281" hits="0" branch="true" condition-coverage="0% (0/2)">
              <conditions>
                <condition number="0" type="jump" coverage="0%"/>
              </conditions>
            </line>
            <line number="285" hits="0" branch="false"/>
            <line number="286" hits="0" branch="false"/>
            <line number="287" hits="0" branch="false"/>
            <line number="288" hits="0" branch="true" condition-coverage="0% (0/2)">
              <conditions>
                <condition number="0" type="jump" coverage="0%"/>
              </conditions>
            </line>
            <line number="289" hits="0" branch="true" condition-coverage="0% (0/2)">
              <conditions>
                <condition number="0" type="jump" coverage="0%"/>
              </conditions>
            </line>
            <line number="290" hits="0" branch="true" condition-coverage="0% (0/2)">
              <conditions>
                <condition number="0" type="jump" coverage="0%"/>
              </conditions>
            </line>
            <line number="292" hits="0" branch="true" condition-coverage="0% (0/2)">
              <conditions>
                <condition number="0" type="jump" coverage="0%"/>
              </conditions>
            </line>
            <line number="294" hits="0" branch="true" condition-coverage="0% (0/2)">
              <conditions>
                <condition number="0" type="jump" coverage="0%"/>
              </conditions>
            </line>
            <line number="299" hits="0" branch="false"/>
            <line number="300" hits="0" branch="false"/>
            <line number="301" hits="0" branch="false"/>
            <line number="302" hits="0" branch="true" condition-coverage="0% (0/2)">
              <conditions>
                <condition number="0" type="jump" coverage="0%"/>
              </conditions>
            </line>
            <line number="303" hits="0" branch="true" condition-coverage="0% (0/2)">
              <conditions>
                <condition number="0" type="jump" coverage="0%"/>
              </conditions>
            </line>
            <line number="304" hits="0" branch="true" condition-coverage="0% (0/2)">
              <conditions>
                <condition number="0" type="jump" coverage="0%"/>
              </conditions>
            </line>
            <line number="305" hits="0" branch="true" condition-coverage="0% (0/2)">
              <conditions>
                <condition number="0" type="jump" coverage="0%"/>
              </conditions>
            </line>
            <line number="307" hits="0" branch="true" condition-coverage="0% (0/2)">
              <conditions>
                <condition number="0" type="jump" coverage="0%"/>
              </conditions>
            </line>
            <line number="308" hits="0" branch="true" condition-coverage="0% (0/2)">
              <conditions>
                <condition number="0" type="jump" coverage="0%"/>
              </conditions>
            </line>
            <line number="309" hits="0" branch="true" condition-coverage="0% (0/2)">
              <conditions>
                <condition number="0" type="jump" coverage="0%"/>
              </conditions>
            </line>
            <line number="314" hits="0" branch="false"/>
            <line number="315" hits="0" branch="true" condition-coverage="0% (0/2)">
              <conditions>
                <condition number="0" type="jump" coverage="0%"/>
              </conditions>
            </line>
            <line number="316" hits="0" branch="true" condition-coverage="0% (0/2)">
              <conditions>
                <condition number="0" type="jump" coverage="0%"/>
              </conditions>
            </line>
            <line number="320" hits="0" branch="false"/>
            <line number="324" hits="0" branch="false"/>
            <line number="325" hits="0" branch="true" condition-coverage="0% (0/2)">
              <conditions>
                <condition number="0" type="jump" coverage="0%"/>
              </conditions>
            </line>
            <line number="326" hits="0" branch="false"/>
            <line number="328" hits="0" branch="true" condition-coverage="0% (0/2)">
              <conditions>
                <condition number="0" type="jump" coverage="0%"/>
              </conditions>
            </line>
            <line number="329" hits="0" branch="false"/>
            <line number="331" hits="0" branch="true" condition-coverage="0% (0/2)">
              <conditions>
                <condition number="0" type="jump" coverage="0%"/>
              </conditions>
            </line>
            <line number="332" hits="0" branch="false"/>
            <line number="334" hits="0" branch="true" condition-coverage="0% (0/2)">
              <conditions>
                <condition number="0" type="jump" coverage="0%"/>
              </conditions>
            </line>
            <line number="335" hits="0" branch="false"/>
            <line number="337" hits="0" branch="true" condition-coverage="0% (0/2)">
              <conditions>
                <condition number="0" type="jump" coverage="0%"/>
              </conditions>
            </line>
            <line number="338" hits="0" branch="false"/>
            <line number="340" hits="0" branch="true" condition-coverage="0% (0/2)">
              <conditions>
                <condition number="0" type="jump" coverage="0%"/>
              </conditions>
            </line>
            <line number="341" hits="0" branch="false"/>
            <line number="343" hits="0" branch="true" condition-coverage="0% (0/2)">
              <conditions>
                <condition number="0" type="jump" coverage="0%"/>
              </conditions>
            </line>
            <line number="344" hits="0" branch="false"/>
            <line number="346" hits="0" branch="true" condition-coverage="0% (0/2)">
              <conditions>
                <condition number="0" type="jump" coverage="0%"/>
              </conditions>
            </line>
            <line number="347" hits="0" branch="false"/>
            <line number="349" hits="0" branch="true" condition-coverage="0% (0/2)">
              <conditions>
                <condition number="0" type="jump" coverage="0%"/>
              </conditions>
            </line>
            <line number="350" hits="0" branch="false"/>
            <line number="352" hits="0" branch="true" condition-coverage="0% (0/2)">
              <conditions>
                <condition number="0" type="jump" coverage="0%"/>
              </conditions>
            </line>
            <line number="353" hits="0" branch="false"/>
            <line number="359" hits="0" branch="false"/>
            <line number="361" hits="0" branch="false"/>
            <line number="362" hits="0" branch="true" condition-coverage="0% (0/2)">
              <conditions>
                <condition number="0" type="jump" coverage="0%"/>
              </conditions>
            </line>
            <line number="363" hits="0" branch="true" condition-coverage="0% (0/2)">
              <conditions>
                <condition number="0" type="jump" coverage="0%"/>
              </conditions>
            </line>
            <line number="365" hits="0" branch="false"/>
            <line number="366" hits="0" branch="true" condition-coverage="0% (0/2)">
              <conditions>
                <condition number="0" type="jump" coverage="0%"/>
              </conditions>
            </line>
            <line number="370" hits="0" branch="false"/>
            <line number="372" hits="0" branch="false"/>
            <line number="373" hits="0" branch="true" condition-coverage="0% (0/2)">
              <conditions>
                <condition number="0" type="jump" coverage="0%"/>
              </conditions>
            </line>
            <line number="374" hits="0" branch="true" condition-coverage="0% (0/2)">
              <conditions>
                <condition number="0" type="jump" coverage="0%"/>
              </conditions>
            </line>
          </lines>
        </class>
      </classes>
    </package>
  </packages>
</coverage>
